::1 - - [19/Feb/2018:15:30:06 +0100] "GET /phpmyadmin/ HTTP/1.1" 200 14225 "-" "Mozilla/5.0 (Windows NT 10.0; Win64; x64; rv:58.0) Gecko/20100101 Firefox/58.0"
::1 - - [19/Feb/2018:15:30:07 +0100] "GET /phpmyadmin/themes/pmahomme/jquery/jquery-ui.css HTTP/1.1" 200 36566 "-" "Mozilla/5.0 (Windows NT 10.0; Win64; x64; rv:58.0) Gecko/20100101 Firefox/58.0"
::1 - - [19/Feb/2018:15:30:07 +0100] "GET /phpmyadmin/js/codemirror/lib/codemirror.css?v=4.7.4 HTTP/1.1" 200 8132 "-" "Mozilla/5.0 (Windows NT 10.0; Win64; x64; rv:58.0) Gecko/20100101 Firefox/58.0"
::1 - - [19/Feb/2018:15:30:07 +0100] "GET /phpmyadmin/js/codemirror/addon/lint/lint.css?v=4.7.4 HTTP/1.1" 200 2999 "-" "Mozilla/5.0 (Windows NT 10.0; Win64; x64; rv:58.0) Gecko/20100101 Firefox/58.0"
::1 - - [19/Feb/2018:15:30:07 +0100] "GET /phpmyadmin/js/codemirror/addon/hint/show-hint.css?v=4.7.4 HTTP/1.1" 200 623 "-" "Mozilla/5.0 (Windows NT 10.0; Win64; x64; rv:58.0) Gecko/20100101 Firefox/58.0"
::1 - - [19/Feb/2018:15:30:07 +0100] "GET /phpmyadmin/themes/pmahomme/css/printview.css?v=4.7.4 HTTP/1.1" 200 2746 "-" "Mozilla/5.0 (Windows NT 10.0; Win64; x64; rv:58.0) Gecko/20100101 Firefox/58.0"
::1 - - [19/Feb/2018:15:30:07 +0100] "GET /phpmyadmin/js/get_scripts.js.php?scripts%5B%5D=jquery/jquery.min.js&scripts%5B%5D=jquery/jquery-migrate-3.0.0.js&scripts%5B%5D=sprintf.js&scripts%5B%5D=ajax.js&scripts%5B%5D=keyhandler.js&scripts%5B%5D=jquery/jquery-ui.min.js&scripts%5B%5D=jquery/jquery.cookie.js&scripts%5B%5D=jquery/jquery.mousewheel.js&scripts%5B%5D=jquery/jquery.event.drag-2.2.js&scripts%5B%5D=jquery/jquery-ui-timepicker-addon.js&v=4.7.4 HTTP/1.1" 200 138812 "-" "Mozilla/5.0 (Windows NT 10.0; Win64; x64; rv:58.0) Gecko/20100101 Firefox/58.0"
::1 - - [19/Feb/2018:15:30:07 +0100] "GET /phpmyadmin/js/get_scripts.js.php?scripts%5B%5D=navigation.js&scripts%5B%5D=indexes.js&scripts%5B%5D=common.js&scripts%5B%5D=page_settings.js&scripts%5B%5D=shortcuts_handler.js&scripts%5B%5D=codemirror/lib/codemirror.js&scripts%5B%5D=codemirror/mode/sql/sql.js&scripts%5B%5D=codemirror/addon/runmode/runmode.js&scripts%5B%5D=codemirror/addon/hint/show-hint.js&scripts%5B%5D=codemirror/addon/hint/sql-hint.js&v=4.7.4 HTTP/1.1" 200 135447 "-" "Mozilla/5.0 (Windows NT 10.0; Win64; x64; rv:58.0) Gecko/20100101 Firefox/58.0"
::1 - - [19/Feb/2018:15:30:07 +0100] "GET /phpmyadmin/phpmyadmin.css.php?nocache=5973376853ltr&server=1 HTTP/1.1" 200 20142 "-" "Mozilla/5.0 (Windows NT 10.0; Win64; x64; rv:58.0) Gecko/20100101 Firefox/58.0"
::1 - - [19/Feb/2018:15:30:07 +0100] "GET /phpmyadmin/js/get_scripts.js.php?scripts%5B%5D=jquery/jquery.ba-hashchange-1.3.js&scripts%5B%5D=jquery/jquery.debounce-1.0.5.js&scripts%5B%5D=menu-resizer.js&scripts%5B%5D=cross_framing_protection.js&scripts%5B%5D=rte.js&scripts%5B%5D=tracekit/tracekit.js&scripts%5B%5D=error_report.js&scripts%5B%5D=config.js&scripts%5B%5D=doclinks.js&scripts%5B%5D=functions.js&v=4.7.4 HTTP/1.1" 200 76958 "-" "Mozilla/5.0 (Windows NT 10.0; Win64; x64; rv:58.0) Gecko/20100101 Firefox/58.0"
::1 - - [19/Feb/2018:15:30:07 +0100] "GET /phpmyadmin/js/get_scripts.js.php?scripts%5B%5D=codemirror/addon/lint/lint.js&scripts%5B%5D=codemirror/addon/lint/sql-lint.js&scripts%5B%5D=console.js&v=4.7.4 HTTP/1.1" 200 13176 "-" "Mozilla/5.0 (Windows NT 10.0; Win64; x64; rv:58.0) Gecko/20100101 Firefox/58.0"
::1 - - [19/Feb/2018:15:30:07 +0100] "GET /phpmyadmin/js/whitelist.php?v=4.7.4&lang=de&collation_connection=utf8mb4_unicode_ci HTTP/1.1" 200 475 "-" "Mozilla/5.0 (Windows NT 10.0; Win64; x64; rv:58.0) Gecko/20100101 Firefox/58.0"
::1 - - [19/Feb/2018:15:30:07 +0100] "GET /phpmyadmin/js/messages.php?v=4.7.4&lang=de&collation_connection=utf8mb4_unicode_ci HTTP/1.1" 200 10001 "-" "Mozilla/5.0 (Windows NT 10.0; Win64; x64; rv:58.0) Gecko/20100101 Firefox/58.0"
::1 - - [19/Feb/2018:15:30:07 +0100] "GET /phpmyadmin/js/get_image.js.php?theme=pmahomme&v=4.7.4&lang=de&collation_connection=utf8mb4_unicode_ci HTTP/1.1" 200 1841 "-" "Mozilla/5.0 (Windows NT 10.0; Win64; x64; rv:58.0) Gecko/20100101 Firefox/58.0"
::1 - - [19/Feb/2018:15:30:07 +0100] "GET /phpmyadmin/themes/dot.gif HTTP/1.1" 200 43 "-" "Mozilla/5.0 (Windows NT 10.0; Win64; x64; rv:58.0) Gecko/20100101 Firefox/58.0"
::1 - - [19/Feb/2018:15:30:07 +0100] "GET /phpmyadmin/themes/pmahomme/img/logo_left.png HTTP/1.1" 200 2827 "-" "Mozilla/5.0 (Windows NT 10.0; Win64; x64; rv:58.0) Gecko/20100101 Firefox/58.0"
::1 - - [19/Feb/2018:15:30:07 +0100] "GET /phpmyadmin/themes/pmahomme/img/ajax_clock_small.gif HTTP/1.1" 200 1810 "-" "Mozilla/5.0 (Windows NT 10.0; Win64; x64; rv:58.0) Gecko/20100101 Firefox/58.0"
::1 - - [19/Feb/2018:15:30:07 +0100] "GET /phpmyadmin/themes/pmahomme/img/s_collapseall.png HTTP/1.1" 200 170 "-" "Mozilla/5.0 (Windows NT 10.0; Win64; x64; rv:58.0) Gecko/20100101 Firefox/58.0"
::1 - - [19/Feb/2018:15:30:07 +0100] "GET /phpmyadmin/themes/pmahomme/img/left_nav_bg.png HTTP/1.1" 200 257 "-" "Mozilla/5.0 (Windows NT 10.0; Win64; x64; rv:58.0) Gecko/20100101 Firefox/58.0"
::1 - - [19/Feb/2018:15:30:07 +0100] "GET /phpmyadmin/themes/pmahomme/img/sprites.png?v=4.7.4 HTTP/1.1" 200 15764 "-" "Mozilla/5.0 (Windows NT 10.0; Win64; x64; rv:58.0) Gecko/20100101 Firefox/58.0"
::1 - - [19/Feb/2018:15:30:08 +0100] "GET /phpmyadmin/favicon.ico HTTP/1.1" 200 22486 "-" "Mozilla/5.0 (Windows NT 10.0; Win64; x64; rv:58.0) Gecko/20100101 Firefox/58.0"
::1 - - [19/Feb/2018:15:30:08 +0100] "POST /phpmyadmin/navigation.php?ajax_request=1&lang=de&collation_connection=utf8mb4_unicode_ci HTTP/1.1" 200 2100 "-" "Mozilla/5.0 (Windows NT 10.0; Win64; x64; rv:58.0) Gecko/20100101 Firefox/58.0"
::1 - - [19/Feb/2018:15:30:08 +0100] "POST /phpmyadmin/version_check.php HTTP/1.1" 200 64 "-" "Mozilla/5.0 (Windows NT 10.0; Win64; x64; rv:58.0) Gecko/20100101 Firefox/58.0"
::1 - - [19/Feb/2018:15:30:08 +0100] "POST /phpmyadmin/db_structure.php?ajax_request=1&favorite_table=1&sync_favorite_tables=1&lang=de&collation_connection=utf8mb4_unicode_ci HTTP/1.1" 200 162 "-" "Mozilla/5.0 (Windows NT 10.0; Win64; x64; rv:58.0) Gecko/20100101 Firefox/58.0"
::1 - - [19/Feb/2018:15:30:11 +0100] "GET /phpmyadmin/server_privileges.php?db=&lang=de&collation_connection=utf8mb4_unicode_ci&viewing_mode=server&ajax_request=true&ajax_page_request=true&_nocache=1519050611779168788 HTTP/1.1" 200 3281 "-" "Mozilla/5.0 (Windows NT 10.0; Win64; x64; rv:58.0) Gecko/20100101 Firefox/58.0"
::1 - - [19/Feb/2018:15:30:12 +0100] "GET /phpmyadmin/themes/pmahomme/img/arrow_ltr.png HTTP/1.1" 200 139 "-" "Mozilla/5.0 (Windows NT 10.0; Win64; x64; rv:58.0) Gecko/20100101 Firefox/58.0"
::1 - - [19/Feb/2018:15:30:12 +0100] "GET /phpmyadmin/js/get_scripts.js.php?scripts%5B%5D=server_privileges.js&scripts%5B%5D=zxcvbn.js&call_done=1&v=4.7.4&call_done=1&v=4.7.4 HTTP/1.1" 200 403709 "-" "Mozilla/5.0 (Windows NT 10.0; Win64; x64; rv:58.0) Gecko/20100101 Firefox/58.0"
::1 - - [19/Feb/2018:15:30:23 +0100] "GET /phpmyadmin/server_privileges.php?username=root&hostname=127.0.0.1&dbname=&tablename=&routinename=&ajax_request=true&ajax_page_request=true&_nocache=1519050623436599788 HTTP/1.1" 200 6358 "-" "Mozilla/5.0 (Windows NT 10.0; Win64; x64; rv:58.0) Gecko/20100101 Firefox/58.0"
::1 - - [19/Feb/2018:15:30:44 +0100] "POST /phpmyadmin/server_privileges.php HTTP/1.1" 200 6397 "-" "Mozilla/5.0 (Windows NT 10.0; Win64; x64; rv:58.0) Gecko/20100101 Firefox/58.0"
::1 - - [19/Feb/2018:15:30:50 +0100] "GET /phpmyadmin/server_privileges.php?db=&viewing_mode=server&ajax_request=true&ajax_page_request=true&_nocache=1519050650151115908 HTTP/1.1" 200 3285 "-" "Mozilla/5.0 (Windows NT 10.0; Win64; x64; rv:58.0) Gecko/20100101 Firefox/58.0"
::1 - - [19/Feb/2018:15:30:53 +0100] "GET /phpmyadmin/server_privileges.php?username=root&hostname=%3A%3A1&dbname=&tablename=&routinename=&ajax_request=true&ajax_page_request=true&_nocache=1519050653468268709 HTTP/1.1" 200 6358 "-" "Mozilla/5.0 (Windows NT 10.0; Win64; x64; rv:58.0) Gecko/20100101 Firefox/58.0"
::1 - - [19/Feb/2018:15:31:05 +0100] "POST /phpmyadmin/server_privileges.php HTTP/1.1" 200 6397 "-" "Mozilla/5.0 (Windows NT 10.0; Win64; x64; rv:58.0) Gecko/20100101 Firefox/58.0"
::1 - - [19/Feb/2018:15:31:08 +0100] "GET /phpmyadmin/server_privileges.php?db=&viewing_mode=server&ajax_request=true&ajax_page_request=true&_nocache=1519050668051674564 HTTP/1.1" 200 3284 "-" "Mozilla/5.0 (Windows NT 10.0; Win64; x64; rv:58.0) Gecko/20100101 Firefox/58.0"
::1 - - [19/Feb/2018:15:31:11 +0100] "GET /phpmyadmin/server_privileges.php?username=root&hostname=localhost&dbname=&tablename=&routinename=&ajax_request=true&ajax_page_request=true&_nocache=1519050670998232250 HTTP/1.1" 200 6424 "-" "Mozilla/5.0 (Windows NT 10.0; Win64; x64; rv:58.0) Gecko/20100101 Firefox/58.0"
::1 - - [19/Feb/2018:15:31:22 +0100] "POST /phpmyadmin/server_privileges.php HTTP/1.1" 200 6464 "-" "Mozilla/5.0 (Windows NT 10.0; Win64; x64; rv:58.0) Gecko/20100101 Firefox/58.0"
::1 - - [19/Feb/2018:15:31:27 +0100] "GET /phpmyadmin/server_privileges.php?db=&viewing_mode=server&ajax_request=true&ajax_page_request=true&_nocache=1519050687336958247 HTTP/1.1" 200 1995 "-" "Mozilla/5.0 (Windows NT 10.0; Win64; x64; rv:58.0) Gecko/20100101 Firefox/58.0"
::1 - - [19/Feb/2018:15:31:31 +0100] "GET /phpmyadmin/index.php HTTP/1.1" 200 2193 "-" "Mozilla/5.0 (Windows NT 10.0; Win64; x64; rv:58.0) Gecko/20100101 Firefox/58.0"
::1 - - [19/Feb/2018:15:31:31 +0100] "GET /phpmyadmin/phpmyadmin.css.php?nocache=4454326246ltr&server=1 HTTP/1.1" 200 20142 "-" "Mozilla/5.0 (Windows NT 10.0; Win64; x64; rv:58.0) Gecko/20100101 Firefox/58.0"
::1 - - [19/Feb/2018:15:31:31 +0100] "GET /phpmyadmin/js/whitelist.php?v=4.7.4 HTTP/1.1" 200 475 "-" "Mozilla/5.0 (Windows NT 10.0; Win64; x64; rv:58.0) Gecko/20100101 Firefox/58.0"
::1 - - [19/Feb/2018:15:31:31 +0100] "GET /phpmyadmin/js/get_image.js.php?theme=pmahomme&v=4.7.4 HTTP/1.1" 200 1841 "-" "Mozilla/5.0 (Windows NT 10.0; Win64; x64; rv:58.0) Gecko/20100101 Firefox/58.0"
::1 - - [19/Feb/2018:15:31:31 +0100] "GET /phpmyadmin/js/messages.php?v=4.7.4 HTTP/1.1" 200 10001 "-" "Mozilla/5.0 (Windows NT 10.0; Win64; x64; rv:58.0) Gecko/20100101 Firefox/58.0"
::1 - - [19/Feb/2018:15:33:19 +0100] "GET /phpmyadmin/index.php HTTP/1.1" 200 3269 "-" "Mozilla/5.0 (Windows NT 10.0; Win64; x64; rv:58.0) Gecko/20100101 Firefox/58.0"
::1 - - [19/Feb/2018:15:33:20 +0100] "GET /phpmyadmin/themes/pmahomme/jquery/jquery-ui.css HTTP/1.1" 304 - "-" "Mozilla/5.0 (Windows NT 10.0; Win64; x64; rv:58.0) Gecko/20100101 Firefox/58.0"
::1 - - [19/Feb/2018:15:33:20 +0100] "GET /phpmyadmin/js/codemirror/lib/codemirror.css?v=4.7.4 HTTP/1.1" 304 - "-" "Mozilla/5.0 (Windows NT 10.0; Win64; x64; rv:58.0) Gecko/20100101 Firefox/58.0"
::1 - - [19/Feb/2018:15:33:20 +0100] "GET /phpmyadmin/js/codemirror/addon/hint/show-hint.css?v=4.7.4 HTTP/1.1" 304 - "-" "Mozilla/5.0 (Windows NT 10.0; Win64; x64; rv:58.0) Gecko/20100101 Firefox/58.0"
::1 - - [19/Feb/2018:15:33:20 +0100] "GET /phpmyadmin/js/codemirror/addon/lint/lint.css?v=4.7.4 HTTP/1.1" 304 - "-" "Mozilla/5.0 (Windows NT 10.0; Win64; x64; rv:58.0) Gecko/20100101 Firefox/58.0"
::1 - - [19/Feb/2018:15:33:20 +0100] "GET /phpmyadmin/themes/pmahomme/css/printview.css?v=4.7.4 HTTP/1.1" 304 - "-" "Mozilla/5.0 (Windows NT 10.0; Win64; x64; rv:58.0) Gecko/20100101 Firefox/58.0"
::1 - - [19/Feb/2018:15:33:20 +0100] "GET /phpmyadmin/js/get_scripts.js.php?scripts%5B%5D=jquery/jquery.min.js&scripts%5B%5D=jquery/jquery-migrate-3.0.0.js&scripts%5B%5D=sprintf.js&scripts%5B%5D=ajax.js&scripts%5B%5D=keyhandler.js&scripts%5B%5D=jquery/jquery-ui.min.js&scripts%5B%5D=jquery/jquery.cookie.js&scripts%5B%5D=jquery/jquery.mousewheel.js&scripts%5B%5D=jquery/jquery.event.drag-2.2.js&scripts%5B%5D=jquery/jquery-ui-timepicker-addon.js&v=4.7.4 HTTP/1.1" 200 138812 "-" "Mozilla/5.0 (Windows NT 10.0; Win64; x64; rv:58.0) Gecko/20100101 Firefox/58.0"
::1 - - [19/Feb/2018:15:33:20 +0100] "GET /phpmyadmin/js/get_scripts.js.php?scripts%5B%5D=codemirror/addon/lint/lint.js&scripts%5B%5D=codemirror/addon/lint/sql-lint.js&scripts%5B%5D=console.js&v=4.7.4 HTTP/1.1" 200 13176 "-" "Mozilla/5.0 (Windows NT 10.0; Win64; x64; rv:58.0) Gecko/20100101 Firefox/58.0"
::1 - - [19/Feb/2018:15:33:20 +0100] "GET /phpmyadmin/js/whitelist.php?v=4.7.4 HTTP/1.1" 200 475 "-" "Mozilla/5.0 (Windows NT 10.0; Win64; x64; rv:58.0) Gecko/20100101 Firefox/58.0"
::1 - - [19/Feb/2018:15:33:20 +0100] "GET /phpmyadmin/phpmyadmin.css.php?nocache=4526210245ltr&server=1 HTTP/1.1" 200 20142 "-" "Mozilla/5.0 (Windows NT 10.0; Win64; x64; rv:58.0) Gecko/20100101 Firefox/58.0"
::1 - - [19/Feb/2018:15:33:20 +0100] "GET /phpmyadmin/js/get_scripts.js.php?scripts%5B%5D=navigation.js&scripts%5B%5D=indexes.js&scripts%5B%5D=common.js&scripts%5B%5D=page_settings.js&scripts%5B%5D=shortcuts_handler.js&scripts%5B%5D=codemirror/lib/codemirror.js&scripts%5B%5D=codemirror/mode/sql/sql.js&scripts%5B%5D=codemirror/addon/runmode/runmode.js&scripts%5B%5D=codemirror/addon/hint/show-hint.js&scripts%5B%5D=codemirror/addon/hint/sql-hint.js&v=4.7.4 HTTP/1.1" 200 135447 "-" "Mozilla/5.0 (Windows NT 10.0; Win64; x64; rv:58.0) Gecko/20100101 Firefox/58.0"
::1 - - [19/Feb/2018:15:33:20 +0100] "GET /phpmyadmin/js/get_scripts.js.php?scripts%5B%5D=jquery/jquery.ba-hashchange-1.3.js&scripts%5B%5D=jquery/jquery.debounce-1.0.5.js&scripts%5B%5D=menu-resizer.js&scripts%5B%5D=cross_framing_protection.js&scripts%5B%5D=rte.js&scripts%5B%5D=tracekit/tracekit.js&scripts%5B%5D=error_report.js&scripts%5B%5D=config.js&scripts%5B%5D=doclinks.js&scripts%5B%5D=functions.js&v=4.7.4 HTTP/1.1" 200 76958 "-" "Mozilla/5.0 (Windows NT 10.0; Win64; x64; rv:58.0) Gecko/20100101 Firefox/58.0"
::1 - - [19/Feb/2018:15:33:20 +0100] "GET /phpmyadmin/js/messages.php?v=4.7.4 HTTP/1.1" 200 10001 "-" "Mozilla/5.0 (Windows NT 10.0; Win64; x64; rv:58.0) Gecko/20100101 Firefox/58.0"
::1 - - [19/Feb/2018:15:33:20 +0100] "GET /phpmyadmin/js/get_image.js.php?theme=pmahomme&v=4.7.4 HTTP/1.1" 200 1841 "-" "Mozilla/5.0 (Windows NT 10.0; Win64; x64; rv:58.0) Gecko/20100101 Firefox/58.0"
::1 - - [19/Feb/2018:15:33:20 +0100] "GET /phpmyadmin/themes/pmahomme/img/logo_right.png HTTP/1.1" 200 4601 "-" "Mozilla/5.0 (Windows NT 10.0; Win64; x64; rv:58.0) Gecko/20100101 Firefox/58.0"
::1 - - [19/Feb/2018:15:33:20 +0100] "GET /phpmyadmin/themes/dot.gif HTTP/1.1" 304 - "-" "Mozilla/5.0 (Windows NT 10.0; Win64; x64; rv:58.0) Gecko/20100101 Firefox/58.0"
::1 - - [19/Feb/2018:15:33:20 +0100] "GET /phpmyadmin/themes/pmahomme/img/sprites.png?v=4.7.4 HTTP/1.1" 304 - "-" "Mozilla/5.0 (Windows NT 10.0; Win64; x64; rv:58.0) Gecko/20100101 Firefox/58.0"
::1 - - [19/Feb/2018:15:33:27 +0100] "POST /phpmyadmin/index.php HTTP/1.1" 200 3368 "-" "Mozilla/5.0 (Windows NT 10.0; Win64; x64; rv:58.0) Gecko/20100101 Firefox/58.0"
::1 - - [19/Feb/2018:15:33:34 +0100] "POST /phpmyadmin/index.php HTTP/1.1" 302 25 "-" "Mozilla/5.0 (Windows NT 10.0; Win64; x64; rv:58.0) Gecko/20100101 Firefox/58.0"
::1 - - [19/Feb/2018:15:33:34 +0100] "GET /phpmyadmin/index.php HTTP/1.1" 200 14271 "-" "Mozilla/5.0 (Windows NT 10.0; Win64; x64; rv:58.0) Gecko/20100101 Firefox/58.0"
::1 - - [19/Feb/2018:15:33:35 +0100] "GET /phpmyadmin/phpmyadmin.css.php?nocache=6045260853ltr&server=1 HTTP/1.1" 200 20142 "-" "Mozilla/5.0 (Windows NT 10.0; Win64; x64; rv:58.0) Gecko/20100101 Firefox/58.0"
::1 - - [19/Feb/2018:15:33:35 +0100] "POST /phpmyadmin/db_structure.php?ajax_request=1&favorite_table=1&sync_favorite_tables=1 HTTP/1.1" 200 162 "-" "Mozilla/5.0 (Windows NT 10.0; Win64; x64; rv:58.0) Gecko/20100101 Firefox/58.0"
::1 - - [19/Feb/2018:15:33:35 +0100] "POST /phpmyadmin/version_check.php HTTP/1.1" 200 64 "-" "Mozilla/5.0 (Windows NT 10.0; Win64; x64; rv:58.0) Gecko/20100101 Firefox/58.0"
::1 - - [19/Feb/2018:15:33:47 +0100] "GET /phpmyadmin/db_structure.php?server=1&db=test&ajax_request=true&ajax_page_request=true&_nocache=1519050827653659536 HTTP/1.1" 200 2914 "-" "Mozilla/5.0 (Windows NT 10.0; Win64; x64; rv:58.0) Gecko/20100101 Firefox/58.0"
::1 - - [19/Feb/2018:15:33:47 +0100] "GET /phpmyadmin/navigation.php?ajax_request=1&aPath=cm9vdA%3D%3D.dGVzdA%3D%3D&vPath=cm9vdA%3D%3D.dGVzdA%3D%3D&pos=0&pos2_name=&pos2_value=&searchClause=&searchClause2=&_nocache=1519050827904304945 HTTP/1.1" 200 1427 "-" "Mozilla/5.0 (Windows NT 10.0; Win64; x64; rv:58.0) Gecko/20100101 Firefox/58.0"
::1 - - [19/Feb/2018:15:33:47 +0100] "GET /phpmyadmin/js/get_scripts.js.php?scripts%5B%5D=db_structure.js&scripts%5B%5D=tbl_change.js&call_done=1&v=4.7.4&call_done=1&v=4.7.4 HTTP/1.1" 200 10875 "-" "Mozilla/5.0 (Windows NT 10.0; Win64; x64; rv:58.0) Gecko/20100101 Firefox/58.0"
::1 - - [19/Feb/2018:15:41:34 +0100] "POST /phpmyadmin/logout.php?db= HTTP/1.1" 302 8710 "-" "Mozilla/5.0 (Windows NT 10.0; Win64; x64; rv:58.0) Gecko/20100101 Firefox/58.0"
::1 - - [19/Feb/2018:15:41:34 +0100] "GET /phpmyadmin/index.php HTTP/1.1" 200 3274 "-" "Mozilla/5.0 (Windows NT 10.0; Win64; x64; rv:58.0) Gecko/20100101 Firefox/58.0"
::1 - - [19/Feb/2018:15:45:26 +0100] "POST /phpmyadmin/index.php HTTP/1.1" 302 25 "-" "Mozilla/5.0 (Windows NT 10.0; Win64; x64; rv:58.0) Gecko/20100101 Firefox/58.0"
::1 - - [19/Feb/2018:15:45:26 +0100] "GET /phpmyadmin/index.php HTTP/1.1" 200 14268 "-" "Mozilla/5.0 (Windows NT 10.0; Win64; x64; rv:58.0) Gecko/20100101 Firefox/58.0"
::1 - - [19/Feb/2018:15:45:27 +0100] "POST /phpmyadmin/version_check.php HTTP/1.1" 200 64 "-" "Mozilla/5.0 (Windows NT 10.0; Win64; x64; rv:58.0) Gecko/20100101 Firefox/58.0"
::1 - - [19/Feb/2018:15:45:27 +0100] "POST /phpmyadmin/db_structure.php?ajax_request=1&favorite_table=1&sync_favorite_tables=1 HTTP/1.1" 200 162 "-" "Mozilla/5.0 (Windows NT 10.0; Win64; x64; rv:58.0) Gecko/20100101 Firefox/58.0"
::1 - - [20/Feb/2018:15:15:58 +0100] "GET /phpmyadmin/ HTTP/1.1" 200 3273 "-" "Mozilla/5.0 (Windows NT 10.0; Win64; x64; rv:58.0) Gecko/20100101 Firefox/58.0"
::1 - - [20/Feb/2018:15:15:59 +0100] "GET /phpmyadmin/phpmyadmin.css.php?nocache=4526210245ltr&server=1 HTTP/1.1" 200 20142 "-" "Mozilla/5.0 (Windows NT 10.0; Win64; x64; rv:58.0) Gecko/20100101 Firefox/58.0"
::1 - - [20/Feb/2018:15:15:59 +0100] "GET /phpmyadmin/js/get_scripts.js.php?scripts%5B%5D=jquery/jquery.min.js&scripts%5B%5D=jquery/jquery-migrate-3.0.0.js&scripts%5B%5D=sprintf.js&scripts%5B%5D=ajax.js&scripts%5B%5D=keyhandler.js&scripts%5B%5D=jquery/jquery-ui.min.js&scripts%5B%5D=jquery/jquery.cookie.js&scripts%5B%5D=jquery/jquery.mousewheel.js&scripts%5B%5D=jquery/jquery.event.drag-2.2.js&scripts%5B%5D=jquery/jquery-ui-timepicker-addon.js&v=4.7.4 HTTP/1.1" 200 138812 "-" "Mozilla/5.0 (Windows NT 10.0; Win64; x64; rv:58.0) Gecko/20100101 Firefox/58.0"
::1 - - [20/Feb/2018:15:15:59 +0100] "GET /phpmyadmin/js/get_scripts.js.php?scripts%5B%5D=jquery/jquery.ba-hashchange-1.3.js&scripts%5B%5D=jquery/jquery.debounce-1.0.5.js&scripts%5B%5D=menu-resizer.js&scripts%5B%5D=cross_framing_protection.js&scripts%5B%5D=rte.js&scripts%5B%5D=tracekit/tracekit.js&scripts%5B%5D=error_report.js&scripts%5B%5D=config.js&scripts%5B%5D=doclinks.js&scripts%5B%5D=functions.js&v=4.7.4 HTTP/1.1" 200 76958 "-" "Mozilla/5.0 (Windows NT 10.0; Win64; x64; rv:58.0) Gecko/20100101 Firefox/58.0"
::1 - - [20/Feb/2018:15:15:59 +0100] "GET /phpmyadmin/js/get_scripts.js.php?scripts%5B%5D=navigation.js&scripts%5B%5D=indexes.js&scripts%5B%5D=common.js&scripts%5B%5D=page_settings.js&scripts%5B%5D=shortcuts_handler.js&scripts%5B%5D=codemirror/lib/codemirror.js&scripts%5B%5D=codemirror/mode/sql/sql.js&scripts%5B%5D=codemirror/addon/runmode/runmode.js&scripts%5B%5D=codemirror/addon/hint/show-hint.js&scripts%5B%5D=codemirror/addon/hint/sql-hint.js&v=4.7.4 HTTP/1.1" 200 135447 "-" "Mozilla/5.0 (Windows NT 10.0; Win64; x64; rv:58.0) Gecko/20100101 Firefox/58.0"
::1 - - [20/Feb/2018:15:15:59 +0100] "GET /phpmyadmin/js/whitelist.php?v=4.7.4 HTTP/1.1" 200 475 "-" "Mozilla/5.0 (Windows NT 10.0; Win64; x64; rv:58.0) Gecko/20100101 Firefox/58.0"
::1 - - [20/Feb/2018:15:15:59 +0100] "GET /phpmyadmin/js/messages.php?v=4.7.4 HTTP/1.1" 200 10001 "-" "Mozilla/5.0 (Windows NT 10.0; Win64; x64; rv:58.0) Gecko/20100101 Firefox/58.0"
::1 - - [20/Feb/2018:15:15:59 +0100] "GET /phpmyadmin/js/get_image.js.php?theme=pmahomme&v=4.7.4 HTTP/1.1" 200 1841 "-" "Mozilla/5.0 (Windows NT 10.0; Win64; x64; rv:58.0) Gecko/20100101 Firefox/58.0"
::1 - - [20/Feb/2018:15:15:59 +0100] "GET /phpmyadmin/js/get_scripts.js.php?scripts%5B%5D=codemirror/addon/lint/lint.js&scripts%5B%5D=codemirror/addon/lint/sql-lint.js&scripts%5B%5D=console.js&v=4.7.4 HTTP/1.1" 200 13176 "-" "Mozilla/5.0 (Windows NT 10.0; Win64; x64; rv:58.0) Gecko/20100101 Firefox/58.0"
::1 - - [20/Feb/2018:15:16:04 +0100] "GET /work/ HTTP/1.1" 200 992 "-" "Mozilla/5.0 (Windows NT 10.0; Win64; x64; rv:58.0) Gecko/20100101 Firefox/58.0"
::1 - - [20/Feb/2018:15:16:04 +0100] "GET /icons/blank.gif HTTP/1.1" 200 148 "http://localhost/work/" "Mozilla/5.0 (Windows NT 10.0; Win64; x64; rv:58.0) Gecko/20100101 Firefox/58.0"
::1 - - [20/Feb/2018:15:16:04 +0100] "GET /icons/back.gif HTTP/1.1" 200 216 "http://localhost/work/" "Mozilla/5.0 (Windows NT 10.0; Win64; x64; rv:58.0) Gecko/20100101 Firefox/58.0"
::1 - - [20/Feb/2018:15:16:04 +0100] "GET /icons/folder.gif HTTP/1.1" 200 225 "http://localhost/work/" "Mozilla/5.0 (Windows NT 10.0; Win64; x64; rv:58.0) Gecko/20100101 Firefox/58.0"
::1 - - [20/Feb/2018:15:16:04 +0100] "GET /favicon.ico HTTP/1.1" 200 30894 "-" "Mozilla/5.0 (Windows NT 10.0; Win64; x64; rv:58.0) Gecko/20100101 Firefox/58.0"
