15:24:34  [main] 	Initialisere Control Panel
15:24:34  [main] 	Windows Version:  Pro  64-bit
15:24:34  [main] 	XAMPP Version: 7.1.11
15:24:34  [main] 	Control Panel Version: 3.2.2  [ Compiled: Nov 12th 2015 ]
15:24:34  [main] 	Dein Benutzerprofil besitzt keine Administratorenrechte! Das reicht aus für die meisten
15:24:34  [main] 	Anwendungsfunktionen, aber wann immer du etwas mit Windows-Diensten tun möchtest,
15:24:34  [main] 	wird eine Sicherheitsabfrage erscheinen oder etwas wird garnicht erst funktionieren!
15:24:34  [main] 	Also denke daran diese Anwendung mit Administratorrechten zu starten!
15:24:34  [main] 	XAMPP Installationsverzeichnis: "c:\users\leon\info\progs\xampp\"
15:24:34  [main] 	Voraussetzungen werden geprüft
15:24:35  [main] 	Alle Voraussetzungen sind erfüllt
15:24:35  [main] 	Initialisiere Module
15:24:35  [main] 	Das FileZilla Modul ist deaktiviert
15:24:35  [main] 	Starte Check-Timer
15:24:35  [main] 	Control Panel bereit
15:24:48  [Apache] 	Versuche Apache zu starten...
15:24:48  [Apache] 	Statusänderung erkannt: gestartet
15:24:55  [mysql] 	Versuche MySQL zu starten...
15:24:55  [mysql] 	Statusänderung erkannt: gestartet
15:25:05  [mercury] 	Versuche Mercury zu starten...
15:25:06  [mercury] 	Statusänderung erkannt: gestartet
15:25:36  [mercury] 	stoppe Modul Mercury (PID: 18752)
15:25:37  [mercury] 	Statusänderung erkannt: gestoppt
15:25:39  [mercury] 	Versuche Mercury zu starten...
15:25:39  [mercury] 	Statusänderung erkannt: gestartet
15:26:18  [mercury] 	stoppe Modul Mercury (PID: 11060)
15:26:18  [mercury] 	Statusänderung erkannt: gestoppt
15:26:20  [mercury] 	Versuche Mercury zu starten...
15:26:20  [mercury] 	Statusänderung erkannt: gestartet
15:27:45  [Apache] 	stoppe Modul Apache (PID: 2536)
15:27:45  [Apache] 	stoppe Modul Apache (PID: 16688)
15:27:45  [Apache] 	Statusänderung erkannt: gestoppt
15:27:46  [Apache] 	Versuche Apache zu starten...
15:27:47  [Apache] 	Statusänderung erkannt: gestartet
15:33:10  [Apache] 	stoppe Modul Apache (PID: 20704)
15:33:10  [Apache] 	stoppe Modul Apache (PID: 18784)
15:33:11  [Apache] 	Statusänderung erkannt: gestoppt
15:33:12  [Apache] 	Versuche Apache zu starten...
15:33:13  [Apache] 	Statusänderung erkannt: gestartet
15:56:30  [Apache] 	stoppe Modul Apache (PID: 1992)
15:56:30  [Apache] 	stoppe Modul Apache (PID: 17536)
15:56:30  [Apache] 	Statusänderung erkannt: gestoppt
15:56:31  [mysql] 	Versuche MySQL zu beenden...
15:56:31  [mysql] 	Statusänderung erkannt: gestoppt
15:56:32  [mercury] 	stoppe Modul Mercury (PID: 11180)
15:56:32  [mercury] 	Statusänderung erkannt: gestoppt
15:56:34  [main] 	Deinitialisiere Module
15:56:34  [main] 	Deinitialisiere Control Panel

15:15:37  [main] 	Initialisere Control Panel
15:15:37  [main] 	Windows Version:  Pro  64-bit
15:15:37  [main] 	XAMPP Version: 7.1.11
15:15:37  [main] 	Control Panel Version: 3.2.2  [ Compiled: Nov 12th 2015 ]
15:15:37  [main] 	Dein Benutzerprofil besitzt keine Administratorenrechte! Das reicht aus für die meisten
15:15:37  [main] 	Anwendungsfunktionen, aber wann immer du etwas mit Windows-Diensten tun möchtest,
15:15:37  [main] 	wird eine Sicherheitsabfrage erscheinen oder etwas wird garnicht erst funktionieren!
15:15:37  [main] 	Also denke daran diese Anwendung mit Administratorrechten zu starten!
15:15:37  [main] 	XAMPP Installationsverzeichnis: "c:\users\leon\info\progs\xampp\"
15:15:37  [main] 	Voraussetzungen werden geprüft
15:15:38  [main] 	Alle Voraussetzungen sind erfüllt
15:15:38  [main] 	Initialisiere Module
15:15:38  [mysql] 	XAMPP MySQL ist bereits gestartet auf Port 3306
15:15:38  [main] 	Das FileZilla Modul ist deaktiviert
15:15:38  [main] 	Starte Check-Timer
15:15:38  [main] 	Control Panel bereit
15:15:44  [mysql] 	Versuche MySQL zu beenden...
15:15:45  [mysql] 	Statusänderung erkannt: gestoppt
15:15:48  [Apache] 	Versuche Apache zu starten...
15:15:48  [Apache] 	Statusänderung erkannt: gestartet
15:15:51  [mysql] 	Versuche MySQL zu starten...
15:15:51  [mysql] 	Statusänderung erkannt: gestartet
15:16:21  [mercury] 	Versuche Mercury zu starten...
15:16:21  [mercury] 	Statusänderung erkannt: gestartet
15:17:45  [mercury] 	stoppe Modul Mercury (PID: 13560)
15:17:45  [mercury] 	Statusänderung erkannt: gestoppt
15:17:48  [mercury] 	Versuche Mercury zu starten...
15:17:48  [mercury] 	Statusänderung erkannt: gestartet
15:18:07  [mercury] 	stoppe Modul Mercury (PID: 20168)
15:18:08  [mercury] 	Statusänderung erkannt: gestoppt
15:18:09  [mysql] 	Versuche MySQL zu beenden...
15:18:10  [mysql] 	Statusänderung erkannt: gestoppt
15:18:10  [Apache] 	stoppe Modul Apache (PID: 9192)
15:18:10  [Apache] 	stoppe Modul Apache (PID: 7948)
15:18:11  [Apache] 	Statusänderung erkannt: gestoppt
15:18:12  [main] 	Deinitialisiere Module
15:18:12  [main] 	Deinitialisiere Control Panel

